[18:00:37 e 0 r 0] Selected clients: [16, 6, 24, 19, 10, 7, 28, 14, 9, 18, 8, 30, 12, 23, 25]
[18:00:37 e 0 r 0] Server broadcast to [16, 6, 24, 19, 10, 7, 28, 14, 9, 18, 8, 30, 12, 23, 25] succeed
[18:00:42 e 0 r 0] Server listening to [16, 6, 24, 19, 10, 7, 28, 14, 9, 18, 8, 30, 12, 23, 25] succeed
[18:00:43 e 0 r 0] Avg global info:
 train loss 31.311062773068745,                  
test acc 0.5017333333333333,                  
test loss 0.7366331015586854,                  
before test acc 0.5129333333333334,                  
before test loss 2.257673333613078,                  
local optimization loss 0.7262955754995346,                  
local optimization samples 56.0
[18:00:43 e 1 r 0] Selected clients: [10, 18, 23, 11, 17, 3, 24, 7, 15, 21, 5, 29, 28, 14, 2]
[18:00:43 e 1 r 0] Server broadcast to [10, 18, 23, 11, 17, 3, 24, 7, 15, 21, 5, 29, 28, 14, 2] succeed
[18:00:47 e 1 r 0] Server listening to [10, 18, 23, 11, 17, 3, 24, 7, 15, 21, 5, 29, 28, 14, 2] succeed
[18:00:47 e 1 r 0] Avg global info:
 train loss 60.99878234896395,                  
test acc 0.5085333333333334,                  
test loss 0.7090736238161722,                  
before test acc 0.5005333333333334,                  
before test loss 1.5370179375966393,                  
local optimization loss 0.7210734011871475,                  
local optimization samples 56.0
[18:00:47 e 2 r 0] Selected clients: [25, 12, 21, 14, 15, 4, 24, 5, 11, 13, 22, 29, 7, 20, 27]
[18:00:47 e 2 r 0] Server broadcast to [25, 12, 21, 14, 15, 4, 24, 5, 11, 13, 22, 29, 7, 20, 27] succeed
[18:00:51 e 2 r 0] Server listening to [25, 12, 21, 14, 15, 4, 24, 5, 11, 13, 22, 29, 7, 20, 27] succeed
[18:00:51 e 2 r 0] Avg global info:
 train loss 221.91080576313865,                  
test acc 0.5079999999999999,                  
test loss 0.7115911807378134,                  
before test acc 0.5137333333333333,                  
before test loss 1.2250155514081318,                  
local optimization loss 0.7222605764865876,                  
local optimization samples 56.0
[18:00:51 e 3 r 0] Selected clients: [14, 11, 19, 7, 30, 8, 27, 2, 25, 1, 9, 17, 29, 26, 4]
[18:00:51 e 3 r 0] Server broadcast to [14, 11, 19, 7, 30, 8, 27, 2, 25, 1, 9, 17, 29, 26, 4] succeed
[18:00:55 e 3 r 0] Server listening to [14, 11, 19, 7, 30, 8, 27, 2, 25, 1, 9, 17, 29, 26, 4] succeed
[18:00:55 e 3 r 0] Avg global info:
 train loss 72.92888972229429,                  
test acc 0.5484000000000001,                  
test loss 0.6791954170544942,                  
before test acc 0.5310666666666666,                  
before test loss 0.9050882716178895,                  
local optimization loss 0.7027627527713777,                  
local optimization samples 56.0
[18:00:55 e 4 r 0] Selected clients: [11, 28, 21, 20, 25, 8, 26, 15, 12, 5, 7, 22, 16, 29, 9]
[18:00:55 e 4 r 0] Server broadcast to [11, 28, 21, 20, 25, 8, 26, 15, 12, 5, 7, 22, 16, 29, 9] succeed
[18:00:59 e 4 r 0] Server listening to [11, 28, 21, 20, 25, 8, 26, 15, 12, 5, 7, 22, 16, 29, 9] succeed
[18:00:59 e 4 r 0] Avg global info:
 train loss 75.26291180186801,                  
test acc 0.5889333333333333,                  
test loss 0.6205747771422069,                  
before test acc 0.5372,                  
before test loss 0.6839983851432799,                  
local optimization loss 0.6198428842106035,                  
local optimization samples 56.0
[18:00:59 e 5 r 0] Selected clients: [13, 20, 11, 28, 23, 26, 15, 6, 22, 5, 27, 7, 3, 4, 25]
[18:00:59 e 5 r 0] Server broadcast to [13, 20, 11, 28, 23, 26, 15, 6, 22, 5, 27, 7, 3, 4, 25] succeed
[18:01:03 e 5 r 0] Server listening to [13, 20, 11, 28, 23, 26, 15, 6, 22, 5, 27, 7, 3, 4, 25] succeed
[18:01:03 e 5 r 0] Avg global info:
 train loss 63.54585110793512,                  
test acc 0.6301333333333333,                  
test loss 0.6005316749095918,                  
before test acc 0.5586666666666666,                  
before test loss 0.6578090071201325,                  
local optimization loss 0.5631946742534637,                  
local optimization samples 56.0
[18:01:03 e 6 r 0] Selected clients: [1, 29, 5, 15, 23, 8, 12, 25, 3, 7, 10, 26, 27, 9, 16]
[18:01:03 e 6 r 0] Server broadcast to [1, 29, 5, 15, 23, 8, 12, 25, 3, 7, 10, 26, 27, 9, 16] succeed
[18:01:07 e 6 r 0] Server listening to [1, 29, 5, 15, 23, 8, 12, 25, 3, 7, 10, 26, 27, 9, 16] succeed
[18:01:07 e 6 r 0] Avg global info:
 train loss 26.432349887324712,                  
test acc 0.6568,                  
test loss 0.5893700251261393,                  
before test acc 0.5988,                  
before test loss 0.619357083527247,                  
local optimization loss 0.5941967676260642,                  
local optimization samples 56.0
[18:01:07 e 7 r 0] Selected clients: [17, 29, 14, 22, 28, 7, 3, 10, 23, 9, 5, 19, 21, 30, 4]
[18:01:07 e 7 r 0] Server broadcast to [17, 29, 14, 22, 28, 7, 3, 10, 23, 9, 5, 19, 21, 30, 4] succeed
[18:01:11 e 7 r 0] Server listening to [17, 29, 14, 22, 28, 7, 3, 10, 23, 9, 5, 19, 21, 30, 4] succeed
[18:01:11 e 7 r 0] Avg global info:
 train loss 19.448904746605287,                  
test acc 0.7158666666666667,                  
test loss 0.5469890810807545,                  
before test acc 0.6637333333333335,                  
before test loss 0.5739245841344197,                  
local optimization loss 0.5204028432922703,                  
local optimization samples 56.0
[18:01:11 e 8 r 0] Selected clients: [16, 7, 29, 26, 13, 6, 17, 8, 11, 12, 2, 19, 18, 27, 3]
[18:01:11 e 8 r 0] Server broadcast to [16, 7, 29, 26, 13, 6, 17, 8, 11, 12, 2, 19, 18, 27, 3] succeed
[18:01:14 e 8 r 0] Server listening to [16, 7, 29, 26, 13, 6, 17, 8, 11, 12, 2, 19, 18, 27, 3] succeed
[18:01:14 e 8 r 0] Avg global info:
 train loss 33.85006779432297,                  
test acc 0.7106666666666667,                  
test loss 0.534204091612498,                  
before test acc 0.6357333333333333,                  
before test loss 0.6208898882071178,                  
local optimization loss 0.5295517669192382,                  
local optimization samples 56.0
[18:01:14 e 9 r 0] Selected clients: [4, 8, 2, 17, 5, 7, 21, 20, 3, 27, 6, 29, 16, 23, 24]
[18:01:14 e 9 r 0] Server broadcast to [4, 8, 2, 17, 5, 7, 21, 20, 3, 27, 6, 29, 16, 23, 24] succeed
[18:01:18 e 9 r 0] Server listening to [4, 8, 2, 17, 5, 7, 21, 20, 3, 27, 6, 29, 16, 23, 24] succeed
[18:01:18 e 9 r 0] Avg global info:
 train loss 22.232547053694724,                  
test acc 0.7710666666666668,                  
test loss 0.48069969953695935,                  
before test acc 0.7312,                  
before test loss 0.5061225647767383,                  
local optimization loss 0.4674457684691463,                  
local optimization samples 56.0
[18:01:18 e 10 r 0] Selected clients: [3, 5, 20, 4, 26, 28, 18, 25, 21, 1, 23, 27, 24, 6, 11]
[18:01:18 e 10 r 0] Server broadcast to [3, 5, 20, 4, 26, 28, 18, 25, 21, 1, 23, 27, 24, 6, 11] succeed
[18:01:22 e 10 r 0] Server listening to [3, 5, 20, 4, 26, 28, 18, 25, 21, 1, 23, 27, 24, 6, 11] succeed
[18:01:22 e 10 r 0] Avg global info:
 train loss 30.354771761265063,                  
test acc 0.8034666666666667,                  
test loss 0.42485878747304273,                  
before test acc 0.7770666666666666,                  
before test loss 0.47175437083244315,                  
local optimization loss 0.43171065683875764,                  
local optimization samples 56.0
[18:01:22 e 11 r 0] Selected clients: [1, 4, 9, 30, 6, 2, 29, 21, 20, 22, 7, 19, 23, 18, 15]
[18:01:22 e 11 r 0] Server broadcast to [1, 4, 9, 30, 6, 2, 29, 21, 20, 22, 7, 19, 23, 18, 15] succeed
[18:01:26 e 11 r 0] Server listening to [1, 4, 9, 30, 6, 2, 29, 21, 20, 22, 7, 19, 23, 18, 15] succeed
[18:01:26 e 11 r 0] Avg global info:
 train loss 61.6818683249255,                  
test acc 0.8010666666666668,                  
test loss 0.4294952141920725,                  
before test acc 0.7838666666666667,                  
before test loss 0.4624564088344574,                  
local optimization loss 0.43776312603482176,                  
local optimization samples 56.0
[18:01:26 e 12 r 0] Selected clients: [6, 16, 11, 9, 24, 15, 21, 25, 7, 13, 19, 23, 14, 5, 22]
[18:01:26 e 12 r 0] Server broadcast to [6, 16, 11, 9, 24, 15, 21, 25, 7, 13, 19, 23, 14, 5, 22] succeed
[18:01:30 e 12 r 0] Server listening to [6, 16, 11, 9, 24, 15, 21, 25, 7, 13, 19, 23, 14, 5, 22] succeed
[18:01:30 e 12 r 0] Avg global info:
 train loss 33.655755298915835,                  
test acc 0.7816,                  
test loss 0.45228953429857893,                  
before test acc 0.7772,                  
before test loss 0.4617921921094259,                  
local optimization loss 0.4187344072652714,                  
local optimization samples 56.0
[18:01:30 e 13 r 0] Selected clients: [6, 10, 13, 7, 25, 30, 12, 15, 22, 1, 4, 11, 21, 8, 14]
[18:01:30 e 13 r 0] Server broadcast to [6, 10, 13, 7, 25, 30, 12, 15, 22, 1, 4, 11, 21, 8, 14] succeed
[18:01:34 e 13 r 0] Server listening to [6, 10, 13, 7, 25, 30, 12, 15, 22, 1, 4, 11, 21, 8, 14] succeed
[18:01:34 e 13 r 0] Avg global info:
 train loss 27.87616172412203,                  
test acc 0.7842666666666667,                  
test loss 0.46874599650700893,                  
before test acc 0.7786666666666667,                  
before test loss 0.47256081409454337,                  
local optimization loss 0.4048752708626645,                  
local optimization samples 56.0
[18:01:34 e 14 r 0] Selected clients: [22, 2, 7, 20, 15, 18, 16, 25, 29, 14, 11, 1, 17, 27, 9]
[18:01:34 e 14 r 0] Server broadcast to [22, 2, 7, 20, 15, 18, 16, 25, 29, 14, 11, 1, 17, 27, 9] succeed
[18:01:38 e 14 r 0] Server listening to [22, 2, 7, 20, 15, 18, 16, 25, 29, 14, 11, 1, 17, 27, 9] succeed
[18:01:38 e 14 r 0] Avg global info:
 train loss 15.374502733432584,                  
test acc 0.7930666666666666,                  
test loss 0.42865196255842847,                  
before test acc 0.7896,                  
before test loss 0.4450785679896672,                  
local optimization loss 0.42255067729524204,                  
local optimization samples 56.0
[18:01:38 e 15 r 0] Selected clients: [22, 24, 6, 8, 20, 4, 14, 3, 5, 28, 1, 11, 10, 9, 16]
[18:01:38 e 15 r 0] Server broadcast to [22, 24, 6, 8, 20, 4, 14, 3, 5, 28, 1, 11, 10, 9, 16] succeed
[18:01:42 e 15 r 0] Server listening to [22, 24, 6, 8, 20, 4, 14, 3, 5, 28, 1, 11, 10, 9, 16] succeed
[18:01:42 e 15 r 0] Avg global info:
 train loss 22.48898813459608,                  
test acc 0.8166666666666667,                  
test loss 0.4123904524962107,                  
before test acc 0.8033333333333331,                  
before test loss 0.4126451642513274,                  
local optimization loss 0.38870682508817744,                  
local optimization samples 56.0
[18:01:42 e 16 r 0] Selected clients: [6, 12, 27, 15, 14, 16, 20, 11, 30, 2, 4, 24, 29, 26, 22]
[18:01:42 e 16 r 0] Server broadcast to [6, 12, 27, 15, 14, 16, 20, 11, 30, 2, 4, 24, 29, 26, 22] succeed
[18:01:46 e 16 r 0] Server listening to [6, 12, 27, 15, 14, 16, 20, 11, 30, 2, 4, 24, 29, 26, 22] succeed
[18:01:46 e 16 r 0] Avg global info:
 train loss 40.02388790067699,                  
test acc 0.8288,                  
test loss 0.3885914931535721,                  
before test acc 0.824,                  
before test loss 0.3922113591432571,                  
local optimization loss 0.3031728126640831,                  
local optimization samples 56.0
[18:01:46 e 17 r 0] Selected clients: [17, 23, 4, 2, 22, 14, 1, 9, 8, 28, 11, 18, 5, 7, 21]
[18:01:46 e 17 r 0] Server broadcast to [17, 23, 4, 2, 22, 14, 1, 9, 8, 28, 11, 18, 5, 7, 21] succeed
[18:01:50 e 17 r 0] Server listening to [17, 23, 4, 2, 22, 14, 1, 9, 8, 28, 11, 18, 5, 7, 21] succeed
[18:01:50 e 17 r 0] Avg global info:
 train loss 31.406054361578487,                  
test acc 0.8187999999999999,                  
test loss 0.4038678028504054,                  
before test acc 0.8252,                  
before test loss 0.4048928199768066,                  
local optimization loss 0.38232576341501306,                  
local optimization samples 56.0
[18:01:50 e 18 r 0] Selected clients: [14, 4, 20, 23, 27, 9, 30, 18, 6, 8, 1, 17, 29, 7, 13]
[18:01:50 e 18 r 0] Server broadcast to [14, 4, 20, 23, 27, 9, 30, 18, 6, 8, 1, 17, 29, 7, 13] succeed
[18:01:54 e 18 r 0] Server listening to [14, 4, 20, 23, 27, 9, 30, 18, 6, 8, 1, 17, 29, 7, 13] succeed
[18:01:54 e 18 r 0] Avg global info:
 train loss 38.73309341909157,                  
test acc 0.8160000000000001,                  
test loss 0.41240869344870246,                  
before test acc 0.8323999999999998,                  
before test loss 0.38681337444782266,                  
local optimization loss 0.3438238823786378,                  
local optimization samples 56.0
[18:01:54 e 19 r 0] Selected clients: [18, 19, 14, 15, 29, 6, 21, 8, 30, 10, 9, 26, 12, 27, 4]
[18:01:54 e 19 r 0] Server broadcast to [18, 19, 14, 15, 29, 6, 21, 8, 30, 10, 9, 26, 12, 27, 4] succeed
[18:01:58 e 19 r 0] Server listening to [18, 19, 14, 15, 29, 6, 21, 8, 30, 10, 9, 26, 12, 27, 4] succeed
[18:01:59 e 19 r 0] Avg global info:
 train loss 26.766331015361683,                  
test acc 0.8221333333333333,                  
test loss 0.4137848497788111,                  
before test acc 0.8214666666666666,                  
before test loss 0.40388529926141103,                  
local optimization loss 0.37451808012888904,                  
local optimization samples 56.0
[18:01:59 e 20 r 0] Selected clients: [13, 30, 25, 10, 11, 17, 28, 8, 23, 12, 22, 14, 15, 27, 24]
[18:01:59 e 20 r 0] Server broadcast to [13, 30, 25, 10, 11, 17, 28, 8, 23, 12, 22, 14, 15, 27, 24] succeed
[18:02:02 e 20 r 0] Server listening to [13, 30, 25, 10, 11, 17, 28, 8, 23, 12, 22, 14, 15, 27, 24] succeed
[18:02:02 e 20 r 0] Avg global info:
 train loss 33.16329480831822,                  
test acc 0.8141333333333333,                  
test loss 0.420493156671524,                  
before test acc 0.8153333333333334,                  
before test loss 0.40924183864593505,                  
local optimization loss 0.3568766305223107,                  
local optimization samples 56.0
[18:02:02 e 21 r 0] Selected clients: [22, 30, 7, 15, 21, 18, 2, 9, 13, 26, 28, 23, 14, 17, 5]
[18:02:02 e 21 r 0] Server broadcast to [22, 30, 7, 15, 21, 18, 2, 9, 13, 26, 28, 23, 14, 17, 5] succeed
[18:02:06 e 21 r 0] Server listening to [22, 30, 7, 15, 21, 18, 2, 9, 13, 26, 28, 23, 14, 17, 5] succeed
[18:02:06 e 21 r 0] Avg global info:
 train loss 47.5975306333767,                  
test acc 0.8248000000000001,                  
test loss 0.4220409211238226,                  
before test acc 0.8306666666666668,                  
before test loss 0.3912186907529831,                  
local optimization loss 0.3067930014537914,                  
local optimization samples 56.0
[18:02:06 e 22 r 0] Selected clients: [21, 11, 10, 23, 18, 5, 3, 17, 8, 15, 20, 9, 28, 22, 13]
[18:02:06 e 22 r 0] Server broadcast to [21, 11, 10, 23, 18, 5, 3, 17, 8, 15, 20, 9, 28, 22, 13] succeed
[18:02:10 e 22 r 0] Server listening to [21, 11, 10, 23, 18, 5, 3, 17, 8, 15, 20, 9, 28, 22, 13] succeed
[18:02:10 e 22 r 0] Avg global info:
 train loss 45.13251106388246,                  
test acc 0.8137333333333335,                  
test loss 0.4390774861097334,                  
before test acc 0.8257333333333334,                  
before test loss 0.40591704380512234,                  
local optimization loss 0.32897991068395116,                  
local optimization samples 56.0
[18:02:10 e 23 r 0] Selected clients: [24, 10, 6, 16, 26, 12, 1, 20, 21, 13, 3, 5, 4, 14, 11]
[18:02:10 e 23 r 0] Server broadcast to [24, 10, 6, 16, 26, 12, 1, 20, 21, 13, 3, 5, 4, 14, 11] succeed
[18:02:14 e 23 r 0] Server listening to [24, 10, 6, 16, 26, 12, 1, 20, 21, 13, 3, 5, 4, 14, 11] succeed
[18:02:14 e 23 r 0] Avg global info:
 train loss 34.07579102029817,                  
test acc 0.8461333333333333,                  
test loss 0.3877357864300409,                  
before test acc 0.8437333333333333,                  
before test loss 0.3715176343441009,                  
local optimization loss 0.24536391954336847,                  
local optimization samples 56.0
[18:02:14 e 24 r 0] Selected clients: [7, 25, 3, 29, 19, 9, 2, 21, 27, 17, 30, 14, 6, 20, 16]
[18:02:14 e 24 r 0] Server broadcast to [7, 25, 3, 29, 19, 9, 2, 21, 27, 17, 30, 14, 6, 20, 16] succeed
[18:02:18 e 24 r 0] Server listening to [7, 25, 3, 29, 19, 9, 2, 21, 27, 17, 30, 14, 6, 20, 16] succeed
[18:02:18 e 24 r 0] Avg global info:
 train loss 25.42843148102984,                  
test acc 0.8512000000000001,                  
test loss 0.3883102740844091,                  
before test acc 0.8516000000000001,                  
before test loss 0.3546472823699315,                  
local optimization loss 0.26314772861078384,                  
local optimization samples 56.0
[18:02:18 e 25 r 0] Selected clients: [27, 9, 3, 15, 4, 26, 19, 29, 5, 13, 24, 25, 8, 18, 6]
[18:02:18 e 25 r 0] Server broadcast to [27, 9, 3, 15, 4, 26, 19, 29, 5, 13, 24, 25, 8, 18, 6] succeed
[18:02:22 e 25 r 0] Server listening to [27, 9, 3, 15, 4, 26, 19, 29, 5, 13, 24, 25, 8, 18, 6] succeed
[18:02:22 e 25 r 0] Avg global info:
 train loss 43.16171670030388,                  
test acc 0.8536000000000001,                  
test loss 0.3687212251424789,                  
before test acc 0.8502666666666667,                  
before test loss 0.3589832876086235,                  
local optimization loss 0.23988274112343788,                  
local optimization samples 56.0
[18:02:22 e 26 r 0] Selected clients: [10, 21, 5, 27, 23, 13, 22, 4, 28, 11, 14, 29, 19, 8, 1]
[18:02:22 e 26 r 0] Server broadcast to [10, 21, 5, 27, 23, 13, 22, 4, 28, 11, 14, 29, 19, 8, 1] succeed
[18:02:26 e 26 r 0] Server listening to [10, 21, 5, 27, 23, 13, 22, 4, 28, 11, 14, 29, 19, 8, 1] succeed
[18:02:26 e 26 r 0] Avg global info:
 train loss 47.19248498635781,                  
test acc 0.8545333333333333,                  
test loss 0.37816065112749736,                  
before test acc 0.8565333333333335,                  
before test loss 0.34629575990835826,                  
local optimization loss 0.22148655015709143,                  
local optimization samples 56.0
[18:02:26 e 27 r 0] Selected clients: [20, 9, 13, 5, 19, 29, 6, 17, 25, 7, 18, 27, 14, 21, 26]
[18:02:26 e 27 r 0] Server broadcast to [20, 9, 13, 5, 19, 29, 6, 17, 25, 7, 18, 27, 14, 21, 26] succeed
[18:02:31 e 27 r 0] Server listening to [20, 9, 13, 5, 19, 29, 6, 17, 25, 7, 18, 27, 14, 21, 26] succeed
[18:02:31 e 27 r 0] Avg global info:
 train loss 71.20020158189452,                  
test acc 0.8505333333333334,                  
test loss 0.3950644374251365,                  
before test acc 0.8466666666666666,                  
before test loss 0.374777208463351,                  
local optimization loss 0.25474161448655647,                  
local optimization samples 56.0
[18:02:31 e 28 r 0] Selected clients: [27, 5, 22, 23, 8, 9, 1, 21, 20, 4, 14, 17, 28, 2, 16]
[18:02:31 e 28 r 0] Server broadcast to [27, 5, 22, 23, 8, 9, 1, 21, 20, 4, 14, 17, 28, 2, 16] succeed
[18:02:35 e 28 r 0] Server listening to [27, 5, 22, 23, 8, 9, 1, 21, 20, 4, 14, 17, 28, 2, 16] succeed
[18:02:35 e 28 r 0] Avg global info:
 train loss 65.24693988134257,                  
test acc 0.8614666666666667,                  
test loss 0.35872537333965304,                  
before test acc 0.8684,                  
before test loss 0.32396582160790754,                  
local optimization loss 0.1826832779117727,                  
local optimization samples 56.0
[18:02:35 e 29 r 0] Selected clients: [5, 9, 23, 12, 15, 27, 10, 16, 22, 19, 26, 18, 2, 24, 6]
[18:02:35 e 29 r 0] Server broadcast to [5, 9, 23, 12, 15, 27, 10, 16, 22, 19, 26, 18, 2, 24, 6] succeed
[18:02:39 e 29 r 0] Server listening to [5, 9, 23, 12, 15, 27, 10, 16, 22, 19, 26, 18, 2, 24, 6] succeed
[18:02:40 e 29 r 0] Avg global info:
 train loss 30.515542612804307,                  
test acc 0.8486666666666668,                  
test loss 0.37819644536177316,                  
before test acc 0.8501333333333333,                  
before test loss 0.35793745069503785,                  
local optimization loss 0.27620908240122455,                  
local optimization samples 56.0
[18:02:40 e 30 r 0] Selected clients: [13, 21, 16, 29, 12, 17, 28, 26, 6, 3, 25, 18, 9, 7, 22]
[18:02:40 e 30 r 0] Server broadcast to [13, 21, 16, 29, 12, 17, 28, 26, 6, 3, 25, 18, 9, 7, 22] succeed
[18:02:44 e 30 r 0] Server listening to [13, 21, 16, 29, 12, 17, 28, 26, 6, 3, 25, 18, 9, 7, 22] succeed
[18:02:44 e 30 r 0] Avg global info:
 train loss 37.61014677511218,                  
test acc 0.8410666666666665,                  
test loss 0.4006275625944138,                  
before test acc 0.8480000000000001,                  
before test loss 0.371116379070282,                  
local optimization loss 0.2419888188430507,                  
local optimization samples 56.0
[18:02:44 e 31 r 0] Selected clients: [15, 30, 11, 20, 1, 5, 24, 4, 14, 2, 10, 3, 19, 16, 29]
[18:02:44 e 31 r 0] Server broadcast to [15, 30, 11, 20, 1, 5, 24, 4, 14, 2, 10, 3, 19, 16, 29] succeed
[18:02:48 e 31 r 0] Server listening to [15, 30, 11, 20, 1, 5, 24, 4, 14, 2, 10, 3, 19, 16, 29] succeed
[18:02:48 e 31 r 0] Avg global info:
 train loss 55.53776762131602,                  
test acc 0.8598666666666667,                  
test loss 0.38996535003980004,                  
before test acc 0.8632000000000001,                  
before test loss 0.34008729637463886,                  
local optimization loss 0.20190036226080596,                  
local optimization samples 56.0
[18:02:48 e 32 r 0] Selected clients: [7, 17, 29, 22, 24, 8, 27, 21, 26, 11, 28, 10, 16, 19, 2]
[18:02:48 e 32 r 0] Server broadcast to [7, 17, 29, 22, 24, 8, 27, 21, 26, 11, 28, 10, 16, 19, 2] succeed
[18:02:51 e 32 r 0] Server listening to [7, 17, 29, 22, 24, 8, 27, 21, 26, 11, 28, 10, 16, 19, 2] succeed
[18:02:51 e 32 r 0] Avg global info:
 train loss 46.62154221724098,                  
test acc 0.8566666666666668,                  
test loss 0.4025047110716502,                  
before test acc 0.8526666666666667,                  
before test loss 0.3660526248693466,                  
local optimization loss 0.2550681259217007,                  
local optimization samples 56.0
[18:02:51 e 33 r 0] Selected clients: [22, 7, 30, 24, 18, 16, 23, 8, 10, 21, 11, 9, 20, 2, 5]
[18:02:51 e 33 r 0] Server broadcast to [22, 7, 30, 24, 18, 16, 23, 8, 10, 21, 11, 9, 20, 2, 5] succeed
[18:02:55 e 33 r 0] Server listening to [22, 7, 30, 24, 18, 16, 23, 8, 10, 21, 11, 9, 20, 2, 5] succeed
[18:02:55 e 33 r 0] Avg global info:
 train loss 27.858510038732653,                  
test acc 0.8462666666666667,                  
test loss 0.4427346402645112,                  
before test acc 0.8556,                  
before test loss 0.3747568893194198,                  
local optimization loss 0.20358916578947434,                  
local optimization samples 56.0
[18:02:55 e 34 r 0] Selected clients: [20, 18, 26, 29, 9, 12, 25, 5, 2, 24, 1, 11, 19, 7, 6]
[18:02:55 e 34 r 0] Server broadcast to [20, 18, 26, 29, 9, 12, 25, 5, 2, 24, 1, 11, 19, 7, 6] succeed
[18:02:59 e 34 r 0] Server listening to [20, 18, 26, 29, 9, 12, 25, 5, 2, 24, 1, 11, 19, 7, 6] succeed
[18:02:59 e 34 r 0] Avg global info:
 train loss 49.5201261421976,                  
test acc 0.8634666666666665,                  
test loss 0.3842488369584084,                  
before test acc 0.8574666666666667,                  
before test loss 0.3661582811037699,                  
local optimization loss 0.17241692465197828,                  
local optimization samples 56.0
[18:02:59 e 35 r 0] Selected clients: [30, 10, 26, 15, 17, 2, 6, 4, 16, 21, 9, 13, 25, 14, 7]
[18:02:59 e 35 r 0] Server broadcast to [30, 10, 26, 15, 17, 2, 6, 4, 16, 21, 9, 13, 25, 14, 7] succeed
[18:03:04 e 35 r 0] Server listening to [30, 10, 26, 15, 17, 2, 6, 4, 16, 21, 9, 13, 25, 14, 7] succeed
[18:03:04 e 35 r 0] Avg global info:
 train loss 43.55987042404919,                  
test acc 0.8437333333333332,                  
test loss 0.4582560039838155,                  
before test acc 0.8428,                  
before test loss 0.41441681057612095,                  
local optimization loss 0.2145774387887546,                  
local optimization samples 56.0
[18:03:04 e 36 r 0] Selected clients: [22, 5, 29, 12, 1, 15, 27, 14, 8, 4, 11, 25, 20, 26, 23]
[18:03:04 e 36 r 0] Server broadcast to [22, 5, 29, 12, 1, 15, 27, 14, 8, 4, 11, 25, 20, 26, 23] succeed
[18:03:07 e 36 r 0] Server listening to [22, 5, 29, 12, 1, 15, 27, 14, 8, 4, 11, 25, 20, 26, 23] succeed
[18:03:08 e 36 r 0] Avg global info:
 train loss 99.70171807177573,                  
test acc 0.8615999999999999,                  
test loss 0.4528789723316828,                  
before test acc 0.8685333333333333,                  
before test loss 0.33392595647176104,                  
local optimization loss 0.16416558985199245,                  
local optimization samples 56.0
[18:03:08 e 37 r 0] Selected clients: [23, 21, 25, 15, 7, 5, 4, 17, 22, 14, 16, 13, 20, 27, 8]
[18:03:08 e 37 r 0] Server broadcast to [23, 21, 25, 15, 7, 5, 4, 17, 22, 14, 16, 13, 20, 27, 8] succeed
[18:03:11 e 37 r 0] Server listening to [23, 21, 25, 15, 7, 5, 4, 17, 22, 14, 16, 13, 20, 27, 8] succeed
[18:03:11 e 37 r 0] Avg global info:
 train loss 56.71148908142415,                  
test acc 0.8586666666666667,                  
test loss 0.47384358378251396,                  
before test acc 0.8574666666666666,                  
before test loss 0.41659060978094736,                  
local optimization loss 0.15300427163685007,                  
local optimization samples 56.0
[18:03:11 e 38 r 0] Selected clients: [30, 2, 28, 23, 15, 22, 21, 17, 3, 9, 4, 12, 18, 19, 25]
[18:03:11 e 38 r 0] Server broadcast to [30, 2, 28, 23, 15, 22, 21, 17, 3, 9, 4, 12, 18, 19, 25] succeed
[18:03:15 e 38 r 0] Server listening to [30, 2, 28, 23, 15, 22, 21, 17, 3, 9, 4, 12, 18, 19, 25] succeed
[18:03:15 e 38 r 0] Avg global info:
 train loss 34.02666070236721,                  
test acc 0.8646666666666667,                  
test loss 0.4101526256561279,                  
before test acc 0.8658666666666666,                  
before test loss 0.35660182520548506,                  
local optimization loss 0.1906931876404477,                  
local optimization samples 56.0
[18:03:15 e 39 r 0] Selected clients: [11, 29, 26, 16, 20, 19, 27, 9, 21, 14, 13, 17, 23, 4, 1]
[18:03:15 e 39 r 0] Server broadcast to [11, 29, 26, 16, 20, 19, 27, 9, 21, 14, 13, 17, 23, 4, 1] succeed
[18:03:19 e 39 r 0] Server listening to [11, 29, 26, 16, 20, 19, 27, 9, 21, 14, 13, 17, 23, 4, 1] succeed
[18:03:19 e 39 r 0] Avg global info:
 train loss 52.32795862148309,                  
test acc 0.8637333333333334,                  
test loss 0.4263660284996033,                  
before test acc 0.8566666666666668,                  
before test loss 0.38191714940865834,                  
local optimization loss 0.1471856766846031,                  
local optimization samples 56.0
[18:03:19 e 40 r 0] Selected clients: [8, 28, 17, 23, 27, 14, 6, 5, 7, 1, 21, 9, 2, 4, 11]
[18:03:19 e 40 r 0] Server broadcast to [8, 28, 17, 23, 27, 14, 6, 5, 7, 1, 21, 9, 2, 4, 11] succeed
[18:03:23 e 40 r 0] Server listening to [8, 28, 17, 23, 27, 14, 6, 5, 7, 1, 21, 9, 2, 4, 11] succeed
[18:03:23 e 40 r 0] Avg global info:
 train loss 60.72544855167572,                  
test acc 0.8486666666666666,                  
test loss 0.5195937403043112,                  
before test acc 0.8623999999999999,                  
before test loss 0.40741033610502875,                  
local optimization loss 0.14982511187970107,                  
local optimization samples 56.0
[18:03:23 e 41 r 0] Selected clients: [6, 8, 29, 17, 9, 25, 3, 5, 2, 26, 12, 24, 27, 20, 30]
[18:03:23 e 41 r 0] Server broadcast to [6, 8, 29, 17, 9, 25, 3, 5, 2, 26, 12, 24, 27, 20, 30] succeed
[18:03:27 e 41 r 0] Server listening to [6, 8, 29, 17, 9, 25, 3, 5, 2, 26, 12, 24, 27, 20, 30] succeed
[18:03:27 e 41 r 0] Avg global info:
 train loss 61.69922669296566,                  
test acc 0.8702666666666666,                  
test loss 0.40486725542147955,                  
before test acc 0.8784000000000002,                  
before test loss 0.3473138980984688,                  
local optimization loss 0.19021357526403984,                  
local optimization samples 56.0
[18:03:27 e 42 r 0] Selected clients: [4, 12, 9, 26, 1, 19, 17, 18, 14, 15, 20, 8, 2, 5, 29]
[18:03:27 e 42 r 0] Server broadcast to [4, 12, 9, 26, 1, 19, 17, 18, 14, 15, 20, 8, 2, 5, 29] succeed
[18:03:31 e 42 r 0] Server listening to [4, 12, 9, 26, 1, 19, 17, 18, 14, 15, 20, 8, 2, 5, 29] succeed
[18:03:31 e 42 r 0] Avg global info:
 train loss 62.843610827935244,                  
test acc 0.856,                  
test loss 0.455102761888504,                  
before test acc 0.8653333333333332,                  
before test loss 0.39017068946758904,                  
local optimization loss 0.13174248283196774,                  
local optimization samples 56.0
[18:03:31 e 43 r 0] Selected clients: [9, 18, 1, 15, 8, 12, 27, 2, 5, 7, 11, 3, 4, 24, 19]
[18:03:31 e 43 r 0] Server broadcast to [9, 18, 1, 15, 8, 12, 27, 2, 5, 7, 11, 3, 4, 24, 19] succeed
[18:03:35 e 43 r 0] Server listening to [9, 18, 1, 15, 8, 12, 27, 2, 5, 7, 11, 3, 4, 24, 19] succeed
[18:03:35 e 43 r 0] Avg global info:
 train loss 88.2913239276347,                  
test acc 0.8484,                  
test loss 0.4681870826721191,                  
before test acc 0.854,                  
before test loss 0.4468426467895509,                  
local optimization loss 0.1509723035107267,                  
local optimization samples 56.0
[18:03:35 e 44 r 0] Selected clients: [26, 24, 3, 8, 1, 25, 28, 6, 21, 15, 7, 20, 27, 16, 14]
[18:03:35 e 44 r 0] Server broadcast to [26, 24, 3, 8, 1, 25, 28, 6, 21, 15, 7, 20, 27, 16, 14] succeed
[18:03:39 e 44 r 0] Server listening to [26, 24, 3, 8, 1, 25, 28, 6, 21, 15, 7, 20, 27, 16, 14] succeed
[18:03:39 e 44 r 0] Avg global info:
 train loss 60.97748279250227,                  
test acc 0.8689333333333333,                  
test loss 0.4474412689963977,                  
before test acc 0.866,                  
before test loss 0.37820151974757515,                  
local optimization loss 0.11031071158525134,                  
local optimization samples 56.0
[18:03:39 e 45 r 0] Selected clients: [20, 19, 3, 25, 21, 14, 17, 13, 24, 9, 5, 8, 12, 7, 30]
[18:03:39 e 45 r 0] Server broadcast to [20, 19, 3, 25, 21, 14, 17, 13, 24, 9, 5, 8, 12, 7, 30] succeed
[18:03:44 e 45 r 0] Server listening to [20, 19, 3, 25, 21, 14, 17, 13, 24, 9, 5, 8, 12, 7, 30] succeed
[18:03:44 e 45 r 0] Avg global info:
 train loss 71.54370637625043,                  
test acc 0.8513333333333332,                  
test loss 0.5348368679483732,                  
before test acc 0.8560000000000001,                  
before test loss 0.42138594189484924,                  
local optimization loss 0.1024270420661196,                  
local optimization samples 56.0
[18:03:44 e 46 r 0] Selected clients: [16, 1, 23, 24, 5, 9, 14, 22, 8, 27, 13, 6, 20, 18, 15]
[18:03:44 e 46 r 0] Server broadcast to [16, 1, 23, 24, 5, 9, 14, 22, 8, 27, 13, 6, 20, 18, 15] succeed
[18:03:47 e 46 r 0] Server listening to [16, 1, 23, 24, 5, 9, 14, 22, 8, 27, 13, 6, 20, 18, 15] succeed
[18:03:47 e 46 r 0] Avg global info:
 train loss 98.76973421962724,                  
test acc 0.8608,                  
test loss 0.5055764055689177,                  
before test acc 0.8632000000000001,                  
before test loss 0.4293496902942658,                  
local optimization loss 0.1082038603495416,                  
local optimization samples 56.0
[18:03:47 e 47 r 0] Selected clients: [30, 19, 21, 4, 24, 9, 18, 25, 20, 5, 11, 27, 12, 3, 26]
[18:03:47 e 47 r 0] Server broadcast to [30, 19, 21, 4, 24, 9, 18, 25, 20, 5, 11, 27, 12, 3, 26] succeed
[18:03:51 e 47 r 0] Server listening to [30, 19, 21, 4, 24, 9, 18, 25, 20, 5, 11, 27, 12, 3, 26] succeed
[18:03:51 e 47 r 0] Avg global info:
 train loss 55.27115978515293,                  
test acc 0.8704,                  
test loss 0.4420766225894292,                  
before test acc 0.8713333333333332,                  
before test loss 0.37661193014383315,                  
local optimization loss 0.08874634674825106,                  
local optimization samples 56.0
[18:03:51 e 48 r 0] Selected clients: [16, 4, 19, 7, 5, 17, 26, 15, 29, 20, 21, 13, 23, 14, 18]
[18:03:51 e 48 r 0] Server broadcast to [16, 4, 19, 7, 5, 17, 26, 15, 29, 20, 21, 13, 23, 14, 18] succeed
[18:03:55 e 48 r 0] Server listening to [16, 4, 19, 7, 5, 17, 26, 15, 29, 20, 21, 13, 23, 14, 18] succeed
[18:03:55 e 48 r 0] Avg global info:
 train loss 134.87342585656378,                  
test acc 0.8582666666666667,                  
test loss 0.5484924636840821,                  
before test acc 0.8601333333333334,                  
before test loss 0.4559952183961868,                  
local optimization loss 0.11594357599969952,                  
local optimization samples 56.0
[18:03:55 e 49 r 0] Selected clients: [29, 16, 11, 19, 28, 20, 17, 8, 6, 23, 25, 14, 1, 24, 15]
[18:03:55 e 49 r 0] Server broadcast to [29, 16, 11, 19, 28, 20, 17, 8, 6, 23, 25, 14, 1, 24, 15] succeed
[18:03:59 e 49 r 0] Server listening to [29, 16, 11, 19, 28, 20, 17, 8, 6, 23, 25, 14, 1, 24, 15] succeed
[18:03:59 e 49 r 0] Avg global info:
 train loss 63.829246211590046,                  
test acc 0.8586666666666667,                  
test loss 0.5551566634774209,                  
before test acc 0.8623999999999999,                  
before test loss 0.46371964957316714,                  
local optimization loss 0.08693264548575304,                  
local optimization samples 56.0
[18:03:59 e 50 r 0] Selected clients: [24, 17, 12, 2, 10, 30, 6, 23, 19, 9, 8, 20, 14, 15, 28]
[18:03:59 e 50 r 0] Server broadcast to [24, 17, 12, 2, 10, 30, 6, 23, 19, 9, 8, 20, 14, 15, 28] succeed
[18:04:03 e 50 r 0] Server listening to [24, 17, 12, 2, 10, 30, 6, 23, 19, 9, 8, 20, 14, 15, 28] succeed
[18:04:03 e 50 r 0] Avg global info:
 train loss 67.86671349669082,                  
test acc 0.8476000000000001,                  
test loss 0.4740301016728083,                  
before test acc 0.8503999999999999,                  
before test loss 0.46498853957653047,                  
local optimization loss 0.11407898231409491,                  
local optimization samples 56.0
[18:04:03 e 51 r 0] Selected clients: [17, 23, 3, 15, 22, 30, 10, 11, 1, 20, 7, 16, 21, 24, 27]
[18:04:03 e 51 r 0] Server broadcast to [17, 23, 3, 15, 22, 30, 10, 11, 1, 20, 7, 16, 21, 24, 27] succeed
[18:04:07 e 51 r 0] Server listening to [17, 23, 3, 15, 22, 30, 10, 11, 1, 20, 7, 16, 21, 24, 27] succeed
[18:04:07 e 51 r 0] Avg global info:
 train loss 50.10777968640128,                  
test acc 0.86,                  
test loss 0.5297906111955643,                  
before test acc 0.8592000000000001,                  
before test loss 0.43801444185177485,                  
local optimization loss 0.10361602542855379,                  
local optimization samples 56.0
[18:04:07 e 52 r 0] Selected clients: [14, 17, 3, 5, 16, 21, 18, 30, 10, 9, 29, 11, 28, 27, 7]
[18:04:07 e 52 r 0] Server broadcast to [14, 17, 3, 5, 16, 21, 18, 30, 10, 9, 29, 11, 28, 27, 7] succeed
[18:04:11 e 52 r 0] Server listening to [14, 17, 3, 5, 16, 21, 18, 30, 10, 9, 29, 11, 28, 27, 7] succeed
[18:04:11 e 52 r 0] Avg global info:
 train loss 82.10340795912909,                  
test acc 0.8449333333333333,                  
test loss 0.5989952382206918,                  
before test acc 0.8406666666666667,                  
before test loss 0.5019365769863129,                  
local optimization loss 0.07434405535376362,                  
local optimization samples 56.0
[18:04:11 e 53 r 0] Selected clients: [3, 18, 21, 29, 2, 19, 22, 16, 24, 7, 6, 20, 30, 9, 13]
[18:04:11 e 53 r 0] Server broadcast to [3, 18, 21, 29, 2, 19, 22, 16, 24, 7, 6, 20, 30, 9, 13] succeed
[18:04:15 e 53 r 0] Server listening to [3, 18, 21, 29, 2, 19, 22, 16, 24, 7, 6, 20, 30, 9, 13] succeed
[18:04:15 e 53 r 0] Avg global info:
 train loss 85.86135704708802,                  
test acc 0.8665333333333333,                  
test loss 0.5309383947531382,                  
before test acc 0.8778666666666667,                  
before test loss 0.4143261277119319,                  
local optimization loss 0.07922662347222546,                  
local optimization samples 56.0
[18:04:15 e 54 r 0] Selected clients: [5, 29, 25, 18, 11, 10, 24, 26, 22, 23, 16, 6, 15, 8, 13]
[18:04:15 e 54 r 0] Server broadcast to [5, 29, 25, 18, 11, 10, 24, 26, 22, 23, 16, 6, 15, 8, 13] succeed
[18:04:19 e 54 r 0] Server listening to [5, 29, 25, 18, 11, 10, 24, 26, 22, 23, 16, 6, 15, 8, 13] succeed
[18:04:19 e 54 r 0] Avg global info:
 train loss 86.15639155625055,                  
test acc 0.8497333333333333,                  
test loss 0.6122961756547292,                  
before test acc 0.8546666666666667,                  
before test loss 0.4762076621214549,                  
local optimization loss 0.08564925468443625,                  
local optimization samples 56.0
[18:04:19 e 55 r 0] Selected clients: [15, 3, 17, 24, 25, 2, 26, 14, 10, 6, 7, 27, 4, 5, 20]
[18:04:19 e 55 r 0] Server broadcast to [15, 3, 17, 24, 25, 2, 26, 14, 10, 6, 7, 27, 4, 5, 20] succeed
[18:04:22 e 55 r 0] Server listening to [15, 3, 17, 24, 25, 2, 26, 14, 10, 6, 7, 27, 4, 5, 20] succeed
[18:04:23 e 55 r 0] Avg global info:
 train loss 129.99058024185814,                  
test acc 0.8637333333333335,                  
test loss 0.5747490579168002,                  
before test acc 0.8649333333333333,                  
before test loss 0.4900227806329727,                  
local optimization loss 0.05861323250490907,                  
local optimization samples 56.0
[18:04:23 e 56 r 0] Selected clients: [30, 3, 27, 26, 6, 4, 25, 11, 1, 24, 18, 8, 17, 15, 7]
[18:04:23 e 56 r 0] Server broadcast to [30, 3, 27, 26, 6, 4, 25, 11, 1, 24, 18, 8, 17, 15, 7] succeed
[18:04:26 e 56 r 0] Server listening to [30, 3, 27, 26, 6, 4, 25, 11, 1, 24, 18, 8, 17, 15, 7] succeed
[18:04:27 e 56 r 0] Avg global info:
 train loss 81.80731314613175,                  
test acc 0.8607999999999999,                  
test loss 0.6263835245291393,                  
before test acc 0.8558666666666668,                  
before test loss 0.5166158346096675,                  
local optimization loss 0.0936458406604028,                  
local optimization samples 56.0
[18:04:27 e 57 r 0] Selected clients: [16, 7, 1, 10, 24, 12, 13, 9, 28, 3, 17, 15, 25, 11, 14]
[18:04:27 e 57 r 0] Server broadcast to [16, 7, 1, 10, 24, 12, 13, 9, 28, 3, 17, 15, 25, 11, 14] succeed
[18:04:30 e 57 r 0] Server listening to [16, 7, 1, 10, 24, 12, 13, 9, 28, 3, 17, 15, 25, 11, 14] succeed
[18:04:30 e 57 r 0] Avg global info:
 train loss 67.16506639457721,                  
test acc 0.8290666666666665,                  
test loss 0.6957952392101289,                  
before test acc 0.8252000000000002,                  
before test loss 0.6085163054466248,                  
local optimization loss 0.09534157055230545,                  
local optimization samples 56.0
[18:04:30 e 58 r 0] Selected clients: [18, 7, 15, 5, 3, 10, 24, 22, 4, 6, 8, 12, 17, 20, 13]
[18:04:30 e 58 r 0] Server broadcast to [18, 7, 15, 5, 3, 10, 24, 22, 4, 6, 8, 12, 17, 20, 13] succeed
[18:04:34 e 58 r 0] Server listening to [18, 7, 15, 5, 3, 10, 24, 22, 4, 6, 8, 12, 17, 20, 13] succeed
[18:04:35 e 58 r 0] Avg global info:
 train loss 82.62055535915617,                  
test acc 0.8501333333333333,                  
test loss 0.5963011395692825,                  
before test acc 0.8458666666666665,                  
before test loss 0.5089590094168981,                  
local optimization loss 0.0860319780302234,                  
local optimization samples 56.0
[18:04:35 e 59 r 0] Selected clients: [6, 28, 12, 25, 7, 5, 13, 22, 3, 30, 8, 1, 10, 4, 20]
[18:04:35 e 59 r 0] Server broadcast to [6, 28, 12, 25, 7, 5, 13, 22, 3, 30, 8, 1, 10, 4, 20] succeed
[18:04:39 e 59 r 0] Server listening to [6, 28, 12, 25, 7, 5, 13, 22, 3, 30, 8, 1, 10, 4, 20] succeed
[18:04:39 e 59 r 0] Avg global info:
 train loss 98.0571997035088,                  
test acc 0.8622666666666666,                  
test loss 0.48215324049790703,                  
before test acc 0.8680000000000001,                  
before test loss 0.4560169541756311,                  
local optimization loss 0.09982450645620701,                  
local optimization samples 56.0
[18:04:39 e 60 r 0] Selected clients: [16, 11, 22, 28, 14, 7, 2, 21, 24, 9, 25, 29, 15, 20, 1]
[18:04:39 e 60 r 0] Server broadcast to [16, 11, 22, 28, 14, 7, 2, 21, 24, 9, 25, 29, 15, 20, 1] succeed
[18:04:43 e 60 r 0] Server listening to [16, 11, 22, 28, 14, 7, 2, 21, 24, 9, 25, 29, 15, 20, 1] succeed
[18:04:43 e 60 r 0] Avg global info:
 train loss 76.25649570761146,                  
test acc 0.8589333333333332,                  
test loss 0.5740023442983628,                  
before test acc 0.8554666666666667,                  
before test loss 0.48971445090770704,                  
local optimization loss 0.07747275425936095,                  
local optimization samples 56.0
[18:04:43 e 61 r 0] Selected clients: [19, 8, 3, 18, 29, 16, 9, 25, 17, 6, 22, 12, 2, 27, 15]
[18:04:43 e 61 r 0] Server broadcast to [19, 8, 3, 18, 29, 16, 9, 25, 17, 6, 22, 12, 2, 27, 15] succeed
[18:04:46 e 61 r 0] Server listening to [19, 8, 3, 18, 29, 16, 9, 25, 17, 6, 22, 12, 2, 27, 15] succeed
[18:04:46 e 61 r 0] Avg global info:
 train loss 72.50176944276316,                  
test acc 0.8490666666666667,                  
test loss 0.6484465957323711,                  
before test acc 0.8550666666666664,                  
before test loss 0.49843096214135496,                  
local optimization loss 0.0787803336304413,                  
local optimization samples 56.0
[18:04:46 e 62 r 0] Selected clients: [21, 14, 11, 29, 13, 3, 25, 6, 28, 19, 9, 5, 4, 12, 16]
[18:04:46 e 62 r 0] Server broadcast to [21, 14, 11, 29, 13, 3, 25, 6, 28, 19, 9, 5, 4, 12, 16] succeed
[18:04:50 e 62 r 0] Server listening to [21, 14, 11, 29, 13, 3, 25, 6, 28, 19, 9, 5, 4, 12, 16] succeed
[18:04:51 e 62 r 0] Avg global info:
 train loss 125.4639982287565,                  
test acc 0.8546666666666668,                  
test loss 0.559021558523178,                  
before test acc 0.8563999999999999,                  
before test loss 0.4939181284427642,                  
local optimization loss 0.09944530187765067,                  
local optimization samples 56.0
[18:04:51 e 63 r 0] Selected clients: [8, 1, 13, 21, 6, 22, 28, 12, 5, 2, 24, 26, 23, 3, 30]
[18:04:51 e 63 r 0] Server broadcast to [8, 1, 13, 21, 6, 22, 28, 12, 5, 2, 24, 26, 23, 3, 30] succeed
[18:04:54 e 63 r 0] Server listening to [8, 1, 13, 21, 6, 22, 28, 12, 5, 2, 24, 26, 23, 3, 30] succeed
[18:04:54 e 63 r 0] Avg global info:
 train loss 110.19856799842479,                  
test acc 0.8801333333333334,                  
test loss 0.5366116546750069,                  
before test acc 0.8837333333333334,                  
before test loss 0.38262000706195837,                  
local optimization loss 0.03952368635052283,                  
local optimization samples 56.0
[18:04:54 e 64 r 0] Selected clients: [8, 22, 24, 9, 5, 10, 28, 1, 16, 12, 14, 20, 21, 2, 23]
[18:04:54 e 64 r 0] Server broadcast to [8, 22, 24, 9, 5, 10, 28, 1, 16, 12, 14, 20, 21, 2, 23] succeed
[18:04:59 e 64 r 0] Server listening to [8, 22, 24, 9, 5, 10, 28, 1, 16, 12, 14, 20, 21, 2, 23] succeed
[18:04:59 e 64 r 0] Avg global info:
 train loss 79.80407236937381,                  
test acc 0.8602666666666666,                  
test loss 0.5630932228287062,                  
before test acc 0.8618666666666664,                  
before test loss 0.4804632801254591,                  
local optimization loss 0.06927428328573505,                  
local optimization samples 56.0
[18:04:59 e 65 r 0] Selected clients: [9, 2, 16, 27, 29, 7, 17, 25, 20, 8, 24, 28, 6, 22, 1]
[18:04:59 e 65 r 0] Server broadcast to [9, 2, 16, 27, 29, 7, 17, 25, 20, 8, 24, 28, 6, 22, 1] succeed
[18:05:03 e 65 r 0] Server listening to [9, 2, 16, 27, 29, 7, 17, 25, 20, 8, 24, 28, 6, 22, 1] succeed
[18:05:03 e 65 r 0] Avg global info:
 train loss 62.7033655347199,                  
test acc 0.8626666666666669,                  
test loss 0.5742721262812615,                  
before test acc 0.8689333333333332,                  
before test loss 0.4688190284013748,                  
local optimization loss 0.05751016443620237,                  
local optimization samples 56.0
[18:05:03 e 66 r 0] Selected clients: [24, 28, 3, 4, 1, 27, 16, 23, 2, 20, 10, 21, 13, 22, 17]
[18:05:03 e 66 r 0] Server broadcast to [24, 28, 3, 4, 1, 27, 16, 23, 2, 20, 10, 21, 13, 22, 17] succeed
[18:05:06 e 66 r 0] Server listening to [24, 28, 3, 4, 1, 27, 16, 23, 2, 20, 10, 21, 13, 22, 17] succeed
[18:05:07 e 66 r 0] Avg global info:
 train loss 106.26149578304289,                  
test acc 0.8730666666666667,                  
test loss 0.4827259466449419,                  
before test acc 0.878,                  
before test loss 0.4600070856412252,                  
local optimization loss 0.06562978609903698,                  
local optimization samples 56.0
[18:05:07 e 67 r 0] Selected clients: [18, 4, 8, 19, 24, 14, 3, 2, 26, 11, 22, 29, 23, 25, 9]
[18:05:07 e 67 r 0] Server broadcast to [18, 4, 8, 19, 24, 14, 3, 2, 26, 11, 22, 29, 23, 25, 9] succeed
[18:05:10 e 67 r 0] Server listening to [18, 4, 8, 19, 24, 14, 3, 2, 26, 11, 22, 29, 23, 25, 9] succeed
[18:05:10 e 67 r 0] Avg global info:
 train loss 77.00737779414567,                  
test acc 0.8685333333333333,                  
test loss 0.5411532327016194,                  
before test acc 0.8589333333333332,                  
before test loss 0.4720667264064153,                  
local optimization loss 0.05080908037655587,                  
local optimization samples 56.0
[18:05:10 e 68 r 0] Selected clients: [25, 21, 3, 22, 4, 19, 29, 14, 17, 20, 2, 16, 30, 15, 26]
[18:05:10 e 68 r 0] Server broadcast to [25, 21, 3, 22, 4, 19, 29, 14, 17, 20, 2, 16, 30, 15, 26] succeed
[18:05:14 e 68 r 0] Server listening to [25, 21, 3, 22, 4, 19, 29, 14, 17, 20, 2, 16, 30, 15, 26] succeed
[18:05:14 e 68 r 0] Avg global info:
 train loss 96.25393445369943,                  
test acc 0.8786666666666665,                  
test loss 0.6239216625213623,                  
before test acc 0.8781333333333335,                  
before test loss 0.43215176055034,                  
local optimization loss 0.05315930833187719,                  
local optimization samples 56.0
[18:05:15 e 69 r 0] Selected clients: [13, 30, 17, 5, 7, 25, 29, 6, 16, 21, 19, 27, 26, 18, 2]
[18:05:15 e 69 r 0] Server broadcast to [13, 30, 17, 5, 7, 25, 29, 6, 16, 21, 19, 27, 26, 18, 2] succeed
[18:05:19 e 69 r 0] Server listening to [13, 30, 17, 5, 7, 25, 29, 6, 16, 21, 19, 27, 26, 18, 2] succeed
[18:05:19 e 69 r 0] Avg global info:
 train loss 94.36556108817975,                  
test acc 0.8657333333333332,                  
test loss 0.6248528121948242,                  
before test acc 0.8694666666666666,                  
before test loss 0.5015840141614278,                  
local optimization loss 0.0646027147836451,                  
local optimization samples 56.0
[18:05:19 e 70 r 0] Selected clients: [10, 17, 30, 13, 24, 1, 15, 12, 25, 19, 20, 16, 2, 22, 28]
[18:05:19 e 70 r 0] Server broadcast to [10, 17, 30, 13, 24, 1, 15, 12, 25, 19, 20, 16, 2, 22, 28] succeed
[18:05:23 e 70 r 0] Server listening to [10, 17, 30, 13, 24, 1, 15, 12, 25, 19, 20, 16, 2, 22, 28] succeed
[18:05:23 e 70 r 0] Avg global info:
 train loss 94.49497072552847,                  
test acc 0.8572,                  
test loss 0.6469634712338447,                  
before test acc 0.8549333333333333,                  
before test loss 0.5117606212615967,                  
local optimization loss 0.07402030199279709,                  
local optimization samples 56.0
[18:05:23 e 71 r 0] Selected clients: [29, 11, 28, 5, 12, 7, 15, 1, 27, 10, 17, 25, 13, 9, 19]
[18:05:23 e 71 r 0] Server broadcast to [29, 11, 28, 5, 12, 7, 15, 1, 27, 10, 17, 25, 13, 9, 19] succeed
[18:05:28 e 71 r 0] Server listening to [29, 11, 28, 5, 12, 7, 15, 1, 27, 10, 17, 25, 13, 9, 19] succeed
[18:05:28 e 71 r 0] Avg global info:
 train loss 76.4598395732141,                  
test acc 0.8393333333333334,                  
test loss 0.7018551358779271,                  
before test acc 0.8371999999999999,                  
before test loss 0.6023977436105411,                  
local optimization loss 0.07199434349978609,                  
local optimization samples 56.0
[18:05:28 e 72 r 0] Selected clients: [30, 24, 15, 7, 8, 16, 29, 21, 2, 1, 4, 13, 22, 23, 14]
[18:05:28 e 72 r 0] Server broadcast to [30, 24, 15, 7, 8, 16, 29, 21, 2, 1, 4, 13, 22, 23, 14] succeed
[18:05:31 e 72 r 0] Server listening to [30, 24, 15, 7, 8, 16, 29, 21, 2, 1, 4, 13, 22, 23, 14] succeed
[18:05:32 e 72 r 0] Avg global info:
 train loss 77.01331623716072,                  
test acc 0.8616,                  
test loss 0.6150548707326254,                  
before test acc 0.8662666666666666,                  
before test loss 0.5452374225060145,                  
local optimization loss 0.052889017903778174,                  
local optimization samples 56.0
[18:05:32 e 73 r 0] Selected clients: [8, 6, 9, 14, 20, 16, 27, 28, 2, 15, 22, 29, 21, 12, 4]
[18:05:32 e 73 r 0] Server broadcast to [8, 6, 9, 14, 20, 16, 27, 28, 2, 15, 22, 29, 21, 12, 4] succeed
[18:05:36 e 73 r 0] Server listening to [8, 6, 9, 14, 20, 16, 27, 28, 2, 15, 22, 29, 21, 12, 4] succeed
[18:05:36 e 73 r 0] Avg global info:
 train loss 109.6156981927084,                  
test acc 0.8574666666666666,                  
test loss 0.6827923709392547,                  
before test acc 0.8568,                  
before test loss 0.5341942028880119,                  
local optimization loss 0.08351330204168335,                  
local optimization samples 56.0
[18:05:36 e 74 r 0] Selected clients: [16, 14, 7, 25, 6, 2, 24, 13, 11, 3, 22, 18, 20, 29, 10]
[18:05:36 e 74 r 0] Server broadcast to [16, 14, 7, 25, 6, 2, 24, 13, 11, 3, 22, 18, 20, 29, 10] succeed
[18:05:40 e 74 r 0] Server listening to [16, 14, 7, 25, 6, 2, 24, 13, 11, 3, 22, 18, 20, 29, 10] succeed
[18:05:40 e 74 r 0] Avg global info:
 train loss 83.63586942831105,                  
test acc 0.8444000000000002,                  
test loss 0.6843107264757156,                  
before test acc 0.8513333333333333,                  
before test loss 0.5923184722741446,                  
local optimization loss 0.06368836092795911,                  
local optimization samples 56.0
[18:05:40 e 75 r 0] Selected clients: [13, 26, 21, 20, 24, 4, 10, 16, 3, 12, 14, 23, 22, 29, 15]
[18:05:40 e 75 r 0] Server broadcast to [13, 26, 21, 20, 24, 4, 10, 16, 3, 12, 14, 23, 22, 29, 15] succeed
[18:05:44 e 75 r 0] Server listening to [13, 26, 21, 20, 24, 4, 10, 16, 3, 12, 14, 23, 22, 29, 15] succeed
[18:05:44 e 75 r 0] Avg global info:
 train loss 105.6807857601567,                  
test acc 0.8592,                  
test loss 0.5948890962918599,                  
before test acc 0.8523999999999998,                  
before test loss 0.5852731357336045,                  
local optimization loss 0.07522156968895745,                  
local optimization samples 56.0
[18:05:44 e 76 r 0] Selected clients: [12, 13, 2, 3, 28, 15, 20, 30, 16, 7, 1, 27, 19, 18, 26]
[18:05:44 e 76 r 0] Server broadcast to [12, 13, 2, 3, 28, 15, 20, 30, 16, 7, 1, 27, 19, 18, 26] succeed
[18:05:48 e 76 r 0] Server listening to [12, 13, 2, 3, 28, 15, 20, 30, 16, 7, 1, 27, 19, 18, 26] succeed
[18:05:48 e 76 r 0] Avg global info:
 train loss 85.21336966976523,                  
test acc 0.8567999999999999,                  
test loss 0.6666911516189575,                  
before test acc 0.8562666666666666,                  
before test loss 0.5303281323273977,                  
local optimization loss 0.03754186425274903,                  
local optimization samples 56.0
[18:05:48 e 77 r 0] Selected clients: [12, 23, 22, 11, 17, 28, 21, 8, 4, 2, 1, 3, 19, 25, 30]
[18:05:48 e 77 r 0] Server broadcast to [12, 23, 22, 11, 17, 28, 21, 8, 4, 2, 1, 3, 19, 25, 30] succeed
[18:05:51 e 77 r 0] Server listening to [12, 23, 22, 11, 17, 28, 21, 8, 4, 2, 1, 3, 19, 25, 30] succeed
[18:05:51 e 77 r 0] Avg global info:
 train loss 84.69178918223932,                  
test acc 0.8657333333333334,                  
test loss 0.7137398321469626,                  
before test acc 0.8653333333333335,                  
before test loss 0.4509064818223318,                  
local optimization loss 0.062316709901702835,                  
local optimization samples 56.0
[18:05:51 e 78 r 0] Selected clients: [1, 19, 2, 7, 29, 9, 25, 30, 14, 16, 4, 18, 22, 21, 11]
[18:05:51 e 78 r 0] Server broadcast to [1, 19, 2, 7, 29, 9, 25, 30, 14, 16, 4, 18, 22, 21, 11] succeed
[18:05:55 e 78 r 0] Server listening to [1, 19, 2, 7, 29, 9, 25, 30, 14, 16, 4, 18, 22, 21, 11] succeed
[18:05:55 e 78 r 0] Avg global info:
 train loss 89.72571288139702,                  
test acc 0.8581333333333333,                  
test loss 0.7193796552538871,                  
before test acc 0.8524,                  
before test loss 0.673222466826439,                  
local optimization loss 0.04087195300754729,                  
local optimization samples 56.0
[18:05:55 e 79 r 0] Selected clients: [24, 26, 12, 8, 15, 14, 22, 4, 29, 3, 2, 16, 23, 30, 1]
[18:05:55 e 79 r 0] Server broadcast to [24, 26, 12, 8, 15, 14, 22, 4, 29, 3, 2, 16, 23, 30, 1] succeed
[18:05:59 e 79 r 0] Server listening to [24, 26, 12, 8, 15, 14, 22, 4, 29, 3, 2, 16, 23, 30, 1] succeed
[18:05:59 e 79 r 0] Avg global info:
 train loss 80.05623000734485,                  
test acc 0.8652000000000001,                  
test loss 0.5792268643021585,                  
before test acc 0.8681333333333333,                  
before test loss 0.49185867344538364,                  
local optimization loss 0.05137749958084895,                  
local optimization samples 56.0
[18:05:59 e 80 r 0] Selected clients: [6, 30, 22, 28, 29, 26, 7, 3, 12, 2, 8, 13, 1, 4, 15]
[18:05:59 e 80 r 0] Server broadcast to [6, 30, 22, 28, 29, 26, 7, 3, 12, 2, 8, 13, 1, 4, 15] succeed
[18:06:03 e 80 r 0] Server listening to [6, 30, 22, 28, 29, 26, 7, 3, 12, 2, 8, 13, 1, 4, 15] succeed
[18:06:03 e 80 r 0] Avg global info:
 train loss 117.05966139325045,                  
test acc 0.8701333333333335,                  
test loss 0.6410162021080653,                  
before test acc 0.8638666666666668,                  
before test loss 0.5658682793458304,                  
local optimization loss 0.036431416099731,                  
local optimization samples 56.0
[18:06:03 e 81 r 0] Selected clients: [25, 1, 13, 2, 12, 26, 14, 9, 30, 7, 16, 24, 5, 29, 18]
[18:06:03 e 81 r 0] Server broadcast to [25, 1, 13, 2, 12, 26, 14, 9, 30, 7, 16, 24, 5, 29, 18] succeed
[18:06:08 e 81 r 0] Server listening to [25, 1, 13, 2, 12, 26, 14, 9, 30, 7, 16, 24, 5, 29, 18] succeed
[18:06:08 e 81 r 0] Avg global info:
 train loss 117.97015195866115,                  
test acc 0.848,                  
test loss 0.7281031846880912,                  
before test acc 0.856,                  
before test loss 0.6009275253812472,                  
local optimization loss 0.06877449389910127,                  
local optimization samples 56.0
[18:06:08 e 82 r 0] Selected clients: [20, 29, 10, 17, 9, 12, 15, 23, 27, 14, 30, 22, 26, 8, 6]
[18:06:08 e 82 r 0] Server broadcast to [20, 29, 10, 17, 9, 12, 15, 23, 27, 14, 30, 22, 26, 8, 6] succeed
[18:06:12 e 82 r 0] Server listening to [20, 29, 10, 17, 9, 12, 15, 23, 27, 14, 30, 22, 26, 8, 6] succeed
[18:06:12 e 82 r 0] Avg global info:
 train loss 91.52364634455752,                  
test acc 0.8433333333333335,                  
test loss 0.7768822820266089,                  
before test acc 0.8486666666666668,                  
before test loss 0.5999708176652591,                  
local optimization loss 0.05687508607765527,                  
local optimization samples 56.0
[18:06:12 e 83 r 0] Selected clients: [3, 17, 13, 1, 10, 29, 28, 30, 4, 26, 15, 2, 24, 18, 11]
[18:06:12 e 83 r 0] Server broadcast to [3, 17, 13, 1, 10, 29, 28, 30, 4, 26, 15, 2, 24, 18, 11] succeed
[18:06:16 e 83 r 0] Server listening to [3, 17, 13, 1, 10, 29, 28, 30, 4, 26, 15, 2, 24, 18, 11] succeed
[18:06:16 e 83 r 0] Avg global info:
 train loss 133.99413539591671,                  
test acc 0.8554666666666667,                  
test loss 0.747202402416865,                  
before test acc 0.8618666666666666,                  
before test loss 0.5463510225772857,                  
local optimization loss 0.048770021049962725,                  
local optimization samples 56.0
[18:06:16 e 84 r 0] Selected clients: [5, 4, 10, 29, 8, 15, 2, 11, 18, 22, 20, 23, 25, 14, 30]
[18:06:16 e 84 r 0] Server broadcast to [5, 4, 10, 29, 8, 15, 2, 11, 18, 22, 20, 23, 25, 14, 30] succeed
[18:06:21 e 84 r 0] Server listening to [5, 4, 10, 29, 8, 15, 2, 11, 18, 22, 20, 23, 25, 14, 30] succeed
[18:06:21 e 84 r 0] Avg global info:
 train loss 100.07696871492338,                  
test acc 0.8489333333333333,                  
test loss 0.94595919816494,                  
before test acc 0.8469333333333334,                  
before test loss 0.6013621050357819,                  
local optimization loss 0.07345120802008526,                  
local optimization samples 56.0
[18:06:21 e 85 r 0] Selected clients: [26, 12, 27, 14, 20, 13, 25, 15, 22, 29, 4, 28, 7, 21, 18]
[18:06:21 e 85 r 0] Server broadcast to [26, 12, 27, 14, 20, 13, 25, 15, 22, 29, 4, 28, 7, 21, 18] succeed
[18:06:24 e 85 r 0] Server listening to [26, 12, 27, 14, 20, 13, 25, 15, 22, 29, 4, 28, 7, 21, 18] succeed
[18:06:25 e 85 r 0] Avg global info:
 train loss 127.59603713317968,                  
test acc 0.8553333333333335,                  
test loss 0.8170126753151418,                  
before test acc 0.8516000000000001,                  
before test loss 0.6953883762001992,                  
local optimization loss 0.03922740059557068,                  
local optimization samples 56.0
[18:06:25 e 86 r 0] Selected clients: [22, 8, 27, 11, 12, 7, 5, 19, 6, 16, 29, 26, 23, 24, 1]
[18:06:25 e 86 r 0] Server broadcast to [22, 8, 27, 11, 12, 7, 5, 19, 6, 16, 29, 26, 23, 24, 1] succeed
[18:06:28 e 86 r 0] Server listening to [22, 8, 27, 11, 12, 7, 5, 19, 6, 16, 29, 26, 23, 24, 1] succeed
[18:06:29 e 86 r 0] Avg global info:
 train loss 116.51161684330502,                  
test acc 0.8589333333333333,                  
test loss 0.6985027416189511,                  
before test acc 0.8581333333333334,                  
before test loss 0.704834788347284,                  
local optimization loss 0.053441151730424165,                  
local optimization samples 56.0
[18:06:29 e 87 r 0] Selected clients: [15, 7, 1, 12, 29, 8, 14, 11, 23, 2, 30, 16, 18, 20, 13]
[18:06:29 e 87 r 0] Server broadcast to [15, 7, 1, 12, 29, 8, 14, 11, 23, 2, 30, 16, 18, 20, 13] succeed
[18:06:32 e 87 r 0] Server listening to [15, 7, 1, 12, 29, 8, 14, 11, 23, 2, 30, 16, 18, 20, 13] succeed
[18:06:32 e 87 r 0] Avg global info:
 train loss 70.39868073937865,                  
test acc 0.8303999999999998,                  
test loss 0.87294814461867,                  
before test acc 0.8353333333333334,                  
before test loss 0.7809824790477751,                  
local optimization loss 0.05809529603310304,                  
local optimization samples 56.0
[18:06:32 e 88 r 0] Selected clients: [1, 5, 28, 26, 8, 23, 30, 16, 12, 19, 6, 10, 2, 22, 21]
[18:06:32 e 88 r 0] Server broadcast to [1, 5, 28, 26, 8, 23, 30, 16, 12, 19, 6, 10, 2, 22, 21] succeed
[18:06:37 e 88 r 0] Server listening to [1, 5, 28, 26, 8, 23, 30, 16, 12, 19, 6, 10, 2, 22, 21] succeed
[18:06:37 e 88 r 0] Avg global info:
 train loss 78.47441551108432,                  
test acc 0.8744000000000001,                  
test loss 0.7290304137388864,                  
before test acc 0.8644000000000001,                  
before test loss 0.5847184192260106,                  
local optimization loss 0.03936959101213558,                  
local optimization samples 56.0
[18:06:37 e 89 r 0] Selected clients: [30, 9, 6, 28, 11, 12, 21, 7, 27, 16, 19, 1, 3, 4, 18]
[18:06:37 e 89 r 0] Server broadcast to [30, 9, 6, 28, 11, 12, 21, 7, 27, 16, 19, 1, 3, 4, 18] succeed
[18:06:40 e 89 r 0] Server listening to [30, 9, 6, 28, 11, 12, 21, 7, 27, 16, 19, 1, 3, 4, 18] succeed
[18:06:41 e 89 r 0] Avg global info:
 train loss 100.80907726388995,                  
test acc 0.8553333333333335,                  
test loss 0.7734712068597478,                  
before test acc 0.8430666666666669,                  
before test loss 0.6994070728778838,                  
local optimization loss 0.05991838670327396,                  
local optimization samples 56.0
[18:06:41 e 90 r 0] Selected clients: [4, 12, 21, 11, 15, 24, 26, 30, 29, 10, 5, 14, 19, 2, 20]
[18:06:41 e 90 r 0] Server broadcast to [4, 12, 21, 11, 15, 24, 26, 30, 29, 10, 5, 14, 19, 2, 20] succeed
[18:06:44 e 90 r 0] Server listening to [4, 12, 21, 11, 15, 24, 26, 30, 29, 10, 5, 14, 19, 2, 20] succeed
[18:06:44 e 90 r 0] Avg global info:
 train loss 120.65362369253482,                  
test acc 0.8675999999999999,                  
test loss 0.8163693782885869,                  
before test acc 0.8554666666666666,                  
before test loss 0.694564995821317,                  
local optimization loss 0.05833155267620375,                  
local optimization samples 56.0
[18:06:44 e 91 r 0] Selected clients: [17, 20, 29, 28, 3, 19, 22, 11, 18, 23, 1, 7, 5, 4, 26]
[18:06:44 e 91 r 0] Server broadcast to [17, 20, 29, 28, 3, 19, 22, 11, 18, 23, 1, 7, 5, 4, 26] succeed
[18:06:49 e 91 r 0] Server listening to [17, 20, 29, 28, 3, 19, 22, 11, 18, 23, 1, 7, 5, 4, 26] succeed
[18:06:49 e 91 r 0] Avg global info:
 train loss 114.42836792132972,                  
test acc 0.8775999999999999,                  
test loss 0.7033823210636775,                  
before test acc 0.8749333333333331,                  
before test loss 0.6091251673499742,                  
local optimization loss 0.05575290935126498,                  
local optimization samples 56.0
[18:06:49 e 92 r 0] Selected clients: [6, 14, 4, 17, 29, 25, 22, 10, 2, 28, 23, 3, 8, 11, 20]
[18:06:49 e 92 r 0] Server broadcast to [6, 14, 4, 17, 29, 25, 22, 10, 2, 28, 23, 3, 8, 11, 20] succeed
[18:06:52 e 92 r 0] Server listening to [6, 14, 4, 17, 29, 25, 22, 10, 2, 28, 23, 3, 8, 11, 20] succeed
[18:06:53 e 92 r 0] Avg global info:
 train loss 94.04409301870297,                  
test acc 0.8613333333333333,                  
test loss 0.6945693328817686,                  
before test acc 0.8621333333333333,                  
before test loss 0.5866602459351221,                  
local optimization loss 0.08354355406855965,                  
local optimization samples 56.0
[18:06:53 e 93 r 0] Selected clients: [21, 3, 30, 2, 29, 19, 4, 23, 22, 27, 10, 26, 5, 28, 16]
[18:06:53 e 93 r 0] Server broadcast to [21, 3, 30, 2, 29, 19, 4, 23, 22, 27, 10, 26, 5, 28, 16] succeed
[18:06:57 e 93 r 0] Server listening to [21, 3, 30, 2, 29, 19, 4, 23, 22, 27, 10, 26, 5, 28, 16] succeed
[18:06:57 e 93 r 0] Avg global info:
 train loss 125.95813989149174,                  
test acc 0.8789333333333332,                  
test loss 0.8328061894655227,                  
before test acc 0.8893333333333334,                  
before test loss 0.5617437156319619,                  
local optimization loss 0.08777019129113424,                  
local optimization samples 56.0
[18:06:57 e 94 r 0] Selected clients: [20, 16, 7, 17, 4, 12, 1, 8, 5, 10, 3, 26, 21, 9, 13]
[18:06:57 e 94 r 0] Server broadcast to [20, 16, 7, 17, 4, 12, 1, 8, 5, 10, 3, 26, 21, 9, 13] succeed
[18:07:01 e 94 r 0] Server listening to [20, 16, 7, 17, 4, 12, 1, 8, 5, 10, 3, 26, 21, 9, 13] succeed
[18:07:22 e 100 r 1] stop training...
[18:07:22 e 100 r 1] stopped
[18:07:22 e 100 r 2] stop training...
[18:07:22 e 100 r 2] stopped
[18:07:22 e 100 r 9] stop training...
[18:07:22 e 100 r 9] stopped
[18:07:22 e 100 r 4] stop training...
[18:07:22 e 100 r 4] stopped
[18:07:22 e 100 r 7] stop training...
[18:07:22 e 100 r 7] stopped
[18:07:22 e 100 r 5] stop training...
[18:07:22 e 100 r 5] stopped
[18:07:22 e 100 r 12] stop training...
[18:07:22 e 100 r 12] stopped
[18:07:22 e 100 r 8] stop training...
[18:07:22 e 100 r 8] stopped
[18:07:22 e 100 r 3] stop training...
[18:07:22 e 100 r 3] stopped
[18:07:22 e 100 r 6] stop training...
[18:07:22 e 100 r 6] stopped
[18:07:22 e 100 r 10] stop training...
[18:07:22 e 100 r 10] stopped
[18:07:22 e 100 r 13] stop training...
[18:07:22 e 100 r 13] stopped
[18:07:22 e 100 r 11] stop training...
[18:07:22 e 100 r 11] stopped
[18:07:22 e 100 r 16] stop training...
[18:07:22 e 100 r 16] stopped
[18:07:22 e 100 r 21] stop training...
[18:07:22 e 100 r 21] stopped
[18:07:22 e 100 r 15] stop training...
[18:07:22 e 100 r 15] stopped
[18:07:22 e 100 r 22] stop training...
[18:07:22 e 100 r 22] stopped
[18:07:22 e 100 r 19] stop training...
[18:07:22 e 100 r 19] stopped
[18:07:22 e 100 r 25] stop training...
[18:07:22 e 100 r 25] stopped
[18:07:22 e 100 r 17] stop training...
[18:07:22 e 100 r 17] stopped
[18:07:22 e 100 r 29] stop training...
[18:07:22 e 100 r 29] stopped
[18:07:01 e 94 r 0] Avg global info:
 train loss 162.80479255361846,                  
test acc 0.8417333333333334,                  
test loss 0.8333855333725613,                  
before test acc 0.8404000000000003,                  
before test loss 0.6676214130004248,                  
local optimization loss 0.04811120868305027,                  
local optimization samples 56.0
[18:07:01 e 95 r 0] Selected clients: [20, 23, 19, 9, 3, 18, 1, 11, 7, 26, 10, 17, 4, 15, 21]
[18:07:01 e 95 r 0] Server broadcast to [20, 23, 19, 9, 3, 18, 1, 11, 7, 26, 10, 17, 4, 15, 21] succeed
[18:07:05 e 95 r 0] Server listening to [20, 23, 19, 9, 3, 18, 1, 11, 7, 26, 10, 17, 4, 15, 21] succeed
[18:07:05 e 95 r 0] Avg global info:
 train loss 115.47306216423038,                  
test acc 0.8462666666666666,                  
test loss 0.946380257066091,                  
before test acc 0.8504,                  
before test loss 0.6654121823589008,                  
local optimization loss 0.0461398198070778,                  
local optimization samples 56.0
[18:07:05 e 96 r 0] Selected clients: [17, 16, 25, 24, 26, 10, 22, 5, 21, 18, 2, 13, 20, 15, 9]
[18:07:05 e 96 r 0] Server broadcast to [17, 16, 25, 24, 26, 10, 22, 5, 21, 18, 2, 13, 20, 15, 9] succeed
[18:07:10 e 96 r 0] Server listening to [17, 16, 25, 24, 26, 10, 22, 5, 21, 18, 2, 13, 20, 15, 9] succeed
[18:07:10 e 96 r 0] Avg global info:
 train loss 112.49361355162337,                  
test acc 0.8515999999999999,                  
test loss 0.860682017159462,                  
before test acc 0.8501333333333334,                  
before test loss 0.7968011029958724,                  
local optimization loss 0.05892982715730404,                  
local optimization samples 56.0
[18:07:10 e 97 r 0] Selected clients: [20, 13, 7, 19, 12, 14, 30, 2, 17, 6, 10, 1, 18, 16, 5]
[18:07:10 e 97 r 0] Server broadcast to [20, 13, 7, 19, 12, 14, 30, 2, 17, 6, 10, 1, 18, 16, 5] succeed
[18:07:14 e 97 r 0] Server listening to [20, 13, 7, 19, 12, 14, 30, 2, 17, 6, 10, 1, 18, 16, 5] succeed
[18:07:14 e 97 r 0] Avg global info:
 train loss 140.89248584911306,                  
test acc 0.8463999999999999,                  
test loss 1.029230962248643,                  
before test acc 0.8436,                  
before test loss 0.7721933576067287,                  
local optimization loss 0.06390129159057126,                  
local optimization samples 56.0
[18:07:14 e 98 r 0] Selected clients: [14, 20, 16, 15, 18, 26, 28, 5, 17, 4, 11, 9, 2, 7, 21]
[18:07:14 e 98 r 0] Server broadcast to [14, 20, 16, 15, 18, 26, 28, 5, 17, 4, 11, 9, 2, 7, 21] succeed
[18:07:18 e 98 r 0] Server listening to [14, 20, 16, 15, 18, 26, 28, 5, 17, 4, 11, 9, 2, 7, 21] succeed
[18:07:18 e 98 r 0] Avg global info:
 train loss 152.39129556891405,                  
test acc 0.8436,                  
test loss 1.125380310289065,                  
before test acc 0.8426666666666668,                  
before test loss 0.8890896133164566,                  
local optimization loss 0.044783919595023945,                  
local optimization samples 56.0
[18:07:18 e 99 r 0] Selected clients: [7, 25, 24, 14, 21, 12, 18, 13, 1, 22, 4, 23, 9, 29, 16]
[18:07:18 e 99 r 0] Server broadcast to [7, 25, 24, 14, 21, 12, 18, 13, 1, 22, 4, 23, 9, 29, 16] succeed
[18:07:22 e 99 r 0] Server listening to [7, 25, 24, 14, 21, 12, 18, 13, 1, 22, 4, 23, 9, 29, 16] succeed
[18:07:22 e 99 r 0] Avg global info:
 train loss 79.05895664087811,                  
test acc 0.8473333333333335,                  
test loss 0.9424071331977845,                  
before test acc 0.8513333333333334,                  
before test loss 0.7479249706665674,                  
local optimization loss 0.03283484240134514,                  
local optimization samples 56.0
[18:07:22 e 100 r 0] Server stopped
[18:07:22 e 100 r 0] Server broadcast to range(1, 31) succeed
[18:07:22 e 100 r 0] Stopped all clients
[18:07:22 e 100 r 18] stop training...
[18:07:22 e 100 r 18] stopped
[18:07:22 e 100 r 20] stop training...
[18:07:22 e 100 r 20] stopped
[18:07:22 e 100 r 24] stop training...
[18:07:22 e 100 r 24] stopped
[18:07:22 e 100 r 28] stop training...
[18:07:22 e 100 r 28] stopped
[18:07:22 e 100 r 27] stop training...
[18:07:22 e 100 r 27] stopped
[18:07:22 e 100 r 26] stop training...
[18:07:22 e 100 r 26] stopped
[18:07:22 e 100 r 23] stop training...
[18:07:22 e 100 r 23] stopped
[18:07:22 e 100 r 30] stop training...
[18:07:22 e 100 r 30] stopped
[18:07:22 e 100 r 14] stop training...
[18:07:22 e 100 r 14] stopped
